<?xml version="1.0" encoding="UTF-8"?>
<!-- Generated by org.testng.reporters.JUnitReportReporter -->
<testsuite hostname="hp" name="com.actitime.genericlib.FileUtilsTest" tests="1" failures="0" timestamp="19 Jul 2018 13:50:23 GMT" time="69.188" errors="0">
  <testcase name="FileUtilTest" time="69.188" classname="com.actitime.genericlib.FileUtilsTest"/>
</testsuite> <!-- com.actitime.genericlib.FileUtilsTest -->
