<?xml version="1.0" encoding="UTF-8"?>
<!-- Generated by org.testng.reporters.JUnitReportReporter -->
<testsuite hostname="hp" name="com.acttime.customertest.CustomerTest" tests="1" failures="0" timestamp="22 Jul 2018 04:03:25 GMT" time="19.900" errors="0">
  <testcase name="CreateCustomerTest" time="19.900" classname="com.acttime.customertest.CustomerTest"/>
</testsuite> <!-- com.acttime.customertest.CustomerTest -->
