<?xml version="1.0" encoding="UTF-8"?>
<!-- Generated by org.testng.reporters.JUnitReportReporter -->
<testsuite hostname="hp" name="pac.Testing" tests="1" failures="0" timestamp="16 Jul 2018 12:00:00 GMT" time="0.041" errors="0">
  <testcase name="Testing" time="0.041" classname="pac.Testing"/>
</testsuite> <!-- pac.Testing -->
