<?xml version="1.0" encoding="UTF-8"?>
<!-- Generated by org.testng.reporters.JUnitReportReporter -->
<testsuite hostname="hp" name="com.acttime.usertest.UserTest" tests="2" failures="0" timestamp="17 Jul 2018 14:33:10 GMT" time="0.009" errors="0">
  <testcase name="CreateUserTest" time="0.003" classname="com.acttime.usertest.UserTest"/>
  <testcase name="ModifyUserTest" time="0.006" classname="com.acttime.usertest.UserTest"/>
</testsuite> <!-- com.acttime.usertest.UserTest -->
