<?xml version="1.0" encoding="UTF-8"?>
<!-- Generated by org.testng.reporters.JUnitReportReporter -->
<testsuite hostname="hp" name="pac1.CustomerTest" tests="3" failures="0" timestamp="14 Jul 2018 15:27:58 GMT" time="0.021" errors="0">
  <testcase name="deleteCustomer" time="0.003" classname="pac1.CustomerTest"/>
  <testcase name="createCustomer" time="0.014" classname="pac1.CustomerTest"/>
  <testcase name="modifyCustomer" time="0.004" classname="pac1.CustomerTest"/>
</testsuite> <!-- pac1.CustomerTest -->
