<?xml version="1.0" encoding="UTF-8"?>
<!-- Generated by org.testng.reporters.JUnitReportReporter -->
<testsuite hostname="hp" name="pac.CartTest" tests="5" failures="0" timestamp="23 Jul 2018 16:10:48 GMT" time="0.047" errors="0">
  <testcase name="addToCart" time="0.032" classname="pac.CartTest"/>
  <testcase name="addToCart" time="0.015" classname="pac.CartTest"/>
  <testcase name="addToCart" time="0.000" classname="pac.CartTest"/>
  <testcase name="addToCart" time="0.000" classname="pac.CartTest"/>
  <testcase name="addToCart" time="0.000" classname="pac.CartTest"/>
</testsuite> <!-- pac.CartTest -->
