<?xml version="1.0" encoding="UTF-8"?>
<!-- Generated by org.testng.reporters.JUnitReportReporter -->
<testsuite hostname="hp" name="com.actitime.CustomerTest.CustomerTest" tests="3" failures="0" timestamp="16 Jul 2018 11:37:56 GMT" time="11.858" errors="0">
  <testcase name="deleteCustomerTest" time="1.104" classname="com.actitime.CustomerTest.CustomerTest"/>
  <testcase name="createCustomerTest" time="8.259" classname="com.actitime.CustomerTest.CustomerTest"/>
  <testcase name="modifyCustomerTest" time="2.495" classname="com.actitime.CustomerTest.CustomerTest"/>
</testsuite> <!-- com.actitime.CustomerTest.CustomerTest -->
